# JRE version: OpenJDK Runtime Environment (8.0_212-b04) (build 1.8.0_212-release-1586-b04)
# Java VM: OpenJDK 64-Bit Server VM (25.212-b04 mixed mode windows-amd64 compressed oops)
Heap:
 PSYoungGen      total 145920K, used 59039K [0x00000000e0000000, 0x00000000ea280000, 0x0000000100000000)
  eden space 136704K, 36% used [0x00000000e0000000,0x00000000e310d598,0x00000000e8580000)
  from space 9216K, 95% used [0x00000000e9980000,0x00000000ea21a950,0x00000000ea280000)
  to   space 13312K, 0% used [0x00000000e8880000,0x00000000e8880000,0x00000000e9580000)
 ParOldGen       total 132608K, used 35395K [0x00000000a0000000, 0x00000000a8180000, 0x00000000e0000000)
  object space 132608K, 26% used [0x00000000a0000000,0x00000000a2290d68,0x00000000a8180000)
 Metaspace       used 64563K, capacity 66784K, committed 67072K, reserved 1107968K
  class space    used 8838K, capacity 9346K, committed 9472K, reserved 1048576K
GC Heap History (10 events):
Event: 28.868 GC heap before
{Heap before GC invocations=15 (full 2):
 PSYoungGen      total 93696K, used 93240K [0x00000000e0000000, 0x00000000e6a00000, 0x0000000100000000)
  eden space 87040K, 100% used [0x00000000e0000000,0x00000000e5500000,0x00000000e5500000)
  from space 6656K, 93% used [0x00000000e6380000,0x00000000e698e018,0x00000000e6a00000)
  to   space 10752K, 0% used [0x00000000e5500000,0x00000000e5500000,0x00000000e5f80000)
 ParOldGen       total 87040K, used 15560K [0x00000000a0000000, 0x00000000a5500000, 0x00000000e0000000)
  object space 87040K, 17% used [0x00000000a0000000,0x00000000a0f321d0,0x00000000a5500000)
 Metaspace       used 46188K, capacity 47496K, committed 47744K, reserved 1091584K
  class space    used 6128K, capacity 6445K, committed 6528K, reserved 1048576K
Event: 28.891 GC heap after
Heap after GC invocations=15 (full 2):
 PSYoungGen      total 97792K, used 9136K [0x00000000e0000000, 0x00000000e8280000, 0x0000000100000000)
  eden space 87040K, 0% used [0x00000000e0000000,0x00000000e0000000,0x00000000e5500000)
  from space 10752K, 84% used [0x00000000e5500000,0x00000000e5dec320,0x00000000e5f80000)
  to   space 11264K, 0% used [0x00000000e7780000,0x00000000e7780000,0x00000000e8280000)
 ParOldGen       total 87040K, used 18832K [0x00000000a0000000, 0x00000000a5500000, 0x00000000e0000000)
  object space 87040K, 21% used [0x00000000a0000000,0x00000000a1264220,0x00000000a5500000)
 Metaspace       used 46188K, capacity 47496K, committed 47744K, reserved 1091584K
  class space    used 6128K, capacity 6445K, committed 6528K, reserved 1048576K
}
Event: 31.046 GC heap before
{Heap before GC invocations=16 (full 2):
 PSYoungGen      total 97792K, used 96176K [0x00000000e0000000, 0x00000000e8280000, 0x0000000100000000)
  eden space 87040K, 100% used [0x00000000e0000000,0x00000000e5500000,0x00000000e5500000)
  from space 10752K, 84% used [0x00000000e5500000,0x00000000e5dec320,0x00000000e5f80000)
  to   space 11264K, 0% used [0x00000000e7780000,0x00000000e7780000,0x00000000e8280000)
 ParOldGen       total 87040K, used 18832K [0x00000000a0000000, 0x00000000a5500000, 0x00000000e0000000)
  object space 87040K, 21% used [0x00000000a0000000,0x00000000a1264220,0x00000000a5500000)
 Metaspace       used 52276K, capacity 53856K, committed 54144K, reserved 1095680K
  class space    used 6872K, capacity 7266K, committed 7296K, reserved 1048576K
Event: 31.066 GC heap after
Heap after GC invocations=16 (full 2):
 PSYoungGen      total 119808K, used 11233K [0x00000000e0000000, 0x00000000e8800000, 0x0000000100000000)
  eden space 108544K, 0% used [0x00000000e0000000,0x00000000e0000000,0x00000000e6a00000)
  from space 11264K, 99% used [0x00000000e7780000,0x00000000e8278770,0x00000000e8280000)
  to   space 13824K, 0% used [0x00000000e6a00000,0x00000000e6a00000,0x00000000e7780000)
 ParOldGen       total 87040K, used 21325K [0x00000000a0000000, 0x00000000a5500000, 0x00000000e0000000)
  object space 87040K, 24% used [0x00000000a0000000,0x00000000a14d3738,0x00000000a5500000)
 Metaspace       used 52276K, capacity 53856K, committed 54144K, reserved 1095680K
  class space    used 6872K, capacity 7266K, committed 7296K, reserved 1048576K
}
Event: 32.630 GC heap before
{Heap before GC invocations=17 (full 2):
 PSYoungGen      total 119808K, used 93193K [0x00000000e0000000, 0x00000000e8800000, 0x0000000100000000)
  eden space 108544K, 75% used [0x00000000e0000000,0x00000000e5009cf0,0x00000000e6a00000)
  from space 11264K, 99% used [0x00000000e7780000,0x00000000e8278770,0x00000000e8280000)
  to   space 13824K, 0% used [0x00000000e6a00000,0x00000000e6a00000,0x00000000e7780000)
 ParOldGen       total 87040K, used 21325K [0x00000000a0000000, 0x00000000a5500000, 0x00000000e0000000)
  object space 87040K, 24% used [0x00000000a0000000,0x00000000a14d3738,0x00000000a5500000)
 Metaspace       used 57197K, capacity 59052K, committed 59136K, reserved 1099776K
  class space    used 7714K, capacity 8152K, committed 8192K, reserved 1048576K
Event: 32.657 GC heap after
Heap after GC invocations=17 (full 2):
 PSYoungGen      total 122368K, used 8063K [0x00000000e0000000, 0x00000000ea680000, 0x0000000100000000)
  eden space 108544K, 0% used [0x00000000e0000000,0x00000000e0000000,0x00000000e6a00000)
  from space 13824K, 58% used [0x00000000e6a00000,0x00000000e71dfed0,0x00000000e7780000)
  to   space 13312K, 0% used [0x00000000e9980000,0x00000000e9980000,0x00000000ea680000)
 ParOldGen       total 87040K, used 31490K [0x00000000a0000000, 0x00000000a5500000, 0x00000000e0000000)
  object space 87040K, 36% used [0x00000000a0000000,0x00000000a1ec0b50,0x00000000a5500000)
 Metaspace       used 57197K, capacity 59052K, committed 59136K, reserved 1099776K
  class space    used 7714K, capacity 8152K, committed 8192K, reserved 1048576K
}
Event: 32.657 GC heap before
{Heap before GC invocations=18 (full 3):
 PSYoungGen      total 122368K, used 8063K [0x00000000e0000000, 0x00000000ea680000, 0x0000000100000000)
  eden space 108544K, 0% used [0x00000000e0000000,0x00000000e0000000,0x00000000e6a00000)
  from space 13824K, 58% used [0x00000000e6a00000,0x00000000e71dfed0,0x00000000e7780000)
  to   space 13312K, 0% used [0x00000000e9980000,0x00000000e9980000,0x00000000ea680000)
 ParOldGen       total 87040K, used 31490K [0x00000000a0000000, 0x00000000a5500000, 0x00000000e0000000)
  object space 87040K, 36% used [0x00000000a0000000,0x00000000a1ec0b50,0x00000000a5500000)
 Metaspace       used 57197K, capacity 59052K, committed 59136K, reserved 1099776K
  class space    used 7714K, capacity 8152K, committed 8192K, reserved 1048576K
Event: 32.954 GC heap after
Heap after GC invocations=18 (full 3):
 PSYoungGen      total 122368K, used 0K [0x00000000e0000000, 0x00000000ea680000, 0x0000000100000000)
  eden space 108544K, 0% used [0x00000000e0000000,0x00000000e0000000,0x00000000e6a00000)
  from space 13824K, 0% used [0x00000000e6a00000,0x00000000e6a00000,0x00000000e7780000)
  to   space 13312K, 0% used [0x00000000e9980000,0x00000000e9980000,0x00000000ea680000)
 ParOldGen       total 132608K, used 35387K [0x00000000a0000000, 0x00000000a8180000, 0x00000000e0000000)
  object space 132608K, 26% used [0x00000000a0000000,0x00000000a228ed68,0x00000000a8180000)
 Metaspace       used 57158K, capacity 58922K, committed 59136K, reserved 1099776K
  class space    used 7703K, capacity 8137K, committed 8192K, reserved 1048576K
}
Event: 35.558 GC heap before
{Heap before GC invocations=19 (full 3):
 PSYoungGen      total 122368K, used 108544K [0x00000000e0000000, 0x00000000ea680000, 0x0000000100000000)
  eden space 108544K, 100% used [0x00000000e0000000,0x00000000e6a00000,0x00000000e6a00000)
  from space 13824K, 0% used [0x00000000e6a00000,0x00000000e6a00000,0x00000000e7780000)
  to   space 13312K, 0% used [0x00000000e9980000,0x00000000e9980000,0x00000000ea680000)
 ParOldGen       total 132608K, used 35387K [0x00000000a0000000, 0x00000000a8180000, 0x00000000e0000000)
  object space 132608K, 26% used [0x00000000a0000000,0x00000000a228ed68,0x00000000a8180000)
 Metaspace       used 61773K, capacity 63838K, committed 64000K, reserved 1103872K
  class space    used 8416K, capacity 8896K, committed 8960K, reserved 1048576K
Event: 35.578 GC heap after
Heap after GC invocations=19 (full 3):
 PSYoungGen      total 145920K, used 8810K [0x00000000e0000000, 0x00000000ea280000, 0x0000000100000000)
  eden space 136704K, 0% used [0x00000000e0000000,0x00000000e0000000,0x00000000e8580000)
  from space 9216K, 95% used [0x00000000e9980000,0x00000000ea21a950,0x00000000ea280000)
  to   space 13312K, 0% used [0x00000000e8880000,0x00000000e8880000,0x00000000e9580000)
 ParOldGen       total 132608K, used 35395K [0x00000000a0000000, 0x00000000a8180000, 0x00000000e0000000)
  object space 132608K, 26% used [0x00000000a0000000,0x00000000a2290d68,0x00000000a8180000)
 Metaspace       used 61773K, capacity 63838K, committed 64000K, reserved 1103872K
  class space    used 8416K, capacity 8896K, committed 8960K, reserved 1048576K
}

