# JRE version: OpenJDK Runtime Environment (8.0_212-b04) (build 1.8.0_212-release-1586-b04)
# Java VM: OpenJDK 64-Bit Server VM (25.212-b04 mixed mode windows-amd64 compressed oops)
Heap:
 PSYoungGen      total 34816K, used 22194K [0x00000000e0000000, 0x00000000e2c80000, 0x0000000100000000)
  eden space 26112K, 74% used [0x00000000e0000000,0x00000000e12e4080,0x00000000e1980000)
  from space 8704K, 32% used [0x00000000e2400000,0x00000000e26c8908,0x00000000e2c80000)
  to   space 9728K, 0% used [0x00000000e1980000,0x00000000e1980000,0x00000000e2300000)
 ParOldGen       total 60928K, used 18274K [0x00000000a0000000, 0x00000000a3b80000, 0x00000000e0000000)
  object space 60928K, 29% used [0x00000000a0000000,0x00000000a11d88e0,0x00000000a3b80000)
 Metaspace       used 38581K, capacity 39738K, committed 39808K, reserved 1083392K
  class space    used 5202K, capacity 5488K, committed 5504K, reserved 1048576K
GC Heap History (10 events):
Event: 173.082 GC heap before
{Heap before GC invocations=14 (full 1):
 PSYoungGen      total 37888K, used 31456K [0x00000000e0000000, 0x00000000e2f80000, 0x0000000100000000)
  eden space 28160K, 100% used [0x00000000e0000000,0x00000000e1b80000,0x00000000e1b80000)
  from space 9728K, 33% used [0x00000000e2600000,0x00000000e2938010,0x00000000e2f80000)
  to   space 10240K, 0% used [0x00000000e1b80000,0x00000000e1b80000,0x00000000e2580000)
 ParOldGen       total 44544K, used 14093K [0x00000000a0000000, 0x00000000a2b80000, 0x00000000e0000000)
  object space 44544K, 31% used [0x00000000a0000000,0x00000000a0dc3750,0x00000000a2b80000)
 Metaspace       used 34276K, capacity 34964K, committed 35200K, reserved 1079296K
  class space    used 4723K, capacity 4930K, committed 4992K, reserved 1048576K
Event: 173.087 GC heap after
Heap after GC invocations=14 (full 1):
 PSYoungGen      total 29696K, used 2038K [0x00000000e0000000, 0x00000000e2f00000, 0x0000000100000000)
  eden space 27648K, 0% used [0x00000000e0000000,0x00000000e0000000,0x00000000e1b00000)
  from space 2048K, 99% used [0x00000000e1b80000,0x00000000e1d7d9e0,0x00000000e1d80000)
  to   space 10240K, 0% used [0x00000000e2500000,0x00000000e2500000,0x00000000e2f00000)
 ParOldGen       total 44544K, used 15849K [0x00000000a0000000, 0x00000000a2b80000, 0x00000000e0000000)
  object space 44544K, 35% used [0x00000000a0000000,0x00000000a0f7a760,0x00000000a2b80000)
 Metaspace       used 34276K, capacity 34964K, committed 35200K, reserved 1079296K
  class space    used 4723K, capacity 4930K, committed 4992K, reserved 1048576K
}
Event: 173.194 GC heap before
{Heap before GC invocations=15 (full 1):
 PSYoungGen      total 29696K, used 10196K [0x00000000e0000000, 0x00000000e2f00000, 0x0000000100000000)
  eden space 27648K, 29% used [0x00000000e0000000,0x00000000e07f77f8,0x00000000e1b00000)
  from space 2048K, 99% used [0x00000000e1b80000,0x00000000e1d7d9e0,0x00000000e1d80000)
  to   space 10240K, 0% used [0x00000000e2500000,0x00000000e2500000,0x00000000e2f00000)
 ParOldGen       total 44544K, used 15849K [0x00000000a0000000, 0x00000000a2b80000, 0x00000000e0000000)
  object space 44544K, 35% used [0x00000000a0000000,0x00000000a0f7a760,0x00000000a2b80000)
 Metaspace       used 34613K, capacity 35386K, committed 35496K, reserved 1079296K
  class space    used 4773K, capacity 5028K, committed 5120K, reserved 1048576K
Event: 173.197 GC heap after
Heap after GC invocations=15 (full 1):
 PSYoungGen      total 36864K, used 752K [0x00000000e0000000, 0x00000000e2e80000, 0x0000000100000000)
  eden space 27136K, 0% used [0x00000000e0000000,0x00000000e0000000,0x00000000e1a80000)
  from space 9728K, 7% used [0x00000000e2500000,0x00000000e25bc180,0x00000000e2e80000)
  to   space 10240K, 0% used [0x00000000e1a80000,0x00000000e1a80000,0x00000000e2480000)
 ParOldGen       total 44544K, used 17021K [0x00000000a0000000, 0x00000000a2b80000, 0x00000000e0000000)
  object space 44544K, 38% used [0x00000000a0000000,0x00000000a109f790,0x00000000a2b80000)
 Metaspace       used 34613K, capacity 35386K, committed 35496K, reserved 1079296K
  class space    used 4773K, capacity 5028K, committed 5120K, reserved 1048576K
}
Event: 173.197 GC heap before
{Heap before GC invocations=16 (full 2):
 PSYoungGen      total 36864K, used 752K [0x00000000e0000000, 0x00000000e2e80000, 0x0000000100000000)
  eden space 27136K, 0% used [0x00000000e0000000,0x00000000e0000000,0x00000000e1a80000)
  from space 9728K, 7% used [0x00000000e2500000,0x00000000e25bc180,0x00000000e2e80000)
  to   space 10240K, 0% used [0x00000000e1a80000,0x00000000e1a80000,0x00000000e2480000)
 ParOldGen       total 44544K, used 17021K [0x00000000a0000000, 0x00000000a2b80000, 0x00000000e0000000)
  object space 44544K, 38% used [0x00000000a0000000,0x00000000a109f790,0x00000000a2b80000)
 Metaspace       used 34613K, capacity 35386K, committed 35496K, reserved 1079296K
  class space    used 4773K, capacity 5028K, committed 5120K, reserved 1048576K
Event: 173.318 GC heap after
Heap after GC invocations=16 (full 2):
 PSYoungGen      total 36864K, used 0K [0x00000000e0000000, 0x00000000e2e80000, 0x0000000100000000)
  eden space 27136K, 0% used [0x00000000e0000000,0x00000000e0000000,0x00000000e1a80000)
  from space 9728K, 0% used [0x00000000e2500000,0x00000000e2500000,0x00000000e2e80000)
  to   space 10240K, 0% used [0x00000000e1a80000,0x00000000e1a80000,0x00000000e2480000)
 ParOldGen       total 60928K, used 16508K [0x00000000a0000000, 0x00000000a3b80000, 0x00000000e0000000)
  object space 60928K, 27% used [0x00000000a0000000,0x00000000a101f040,0x00000000a3b80000)
 Metaspace       used 34613K, capacity 35386K, committed 35496K, reserved 1079296K
  class space    used 4773K, capacity 5028K, committed 5120K, reserved 1048576K
}
Event: 187.934 GC heap before
{Heap before GC invocations=17 (full 2):
 PSYoungGen      total 36864K, used 27136K [0x00000000e0000000, 0x00000000e2e80000, 0x0000000100000000)
  eden space 27136K, 100% used [0x00000000e0000000,0x00000000e1a80000,0x00000000e1a80000)
  from space 9728K, 0% used [0x00000000e2500000,0x00000000e2500000,0x00000000e2e80000)
  to   space 10240K, 0% used [0x00000000e1a80000,0x00000000e1a80000,0x00000000e2480000)
 ParOldGen       total 60928K, used 16508K [0x00000000a0000000, 0x00000000a3b80000, 0x00000000e0000000)
  object space 60928K, 27% used [0x00000000a0000000,0x00000000a101f040,0x00000000a3b80000)
 Metaspace       used 35880K, capacity 36814K, committed 36992K, reserved 1081344K
  class space    used 4934K, capacity 5210K, committed 5248K, reserved 1048576K
Event: 187.941 GC heap after
Heap after GC invocations=17 (full 2):
 PSYoungGen      total 29696K, used 2762K [0x00000000e0000000, 0x00000000e2e00000, 0x0000000100000000)
  eden space 26624K, 0% used [0x00000000e0000000,0x00000000e0000000,0x00000000e1a00000)
  from space 3072K, 89% used [0x00000000e1a80000,0x00000000e1d32930,0x00000000e1d80000)
  to   space 10240K, 0% used [0x00000000e2400000,0x00000000e2400000,0x00000000e2e00000)
 ParOldGen       total 60928K, used 16516K [0x00000000a0000000, 0x00000000a3b80000, 0x00000000e0000000)
  object space 60928K, 27% used [0x00000000a0000000,0x00000000a1021040,0x00000000a3b80000)
 Metaspace       used 35880K, capacity 36814K, committed 36992K, reserved 1081344K
  class space    used 4934K, capacity 5210K, committed 5248K, reserved 1048576K
}
Event: 954.982 GC heap before
{Heap before GC invocations=18 (full 2):
 PSYoungGen      total 29696K, used 29386K [0x00000000e0000000, 0x00000000e2e00000, 0x0000000100000000)
  eden space 26624K, 100% used [0x00000000e0000000,0x00000000e1a00000,0x00000000e1a00000)
  from space 3072K, 89% used [0x00000000e1a80000,0x00000000e1d32930,0x00000000e1d80000)
  to   space 10240K, 0% used [0x00000000e2400000,0x00000000e2400000,0x00000000e2e00000)
 ParOldGen       total 60928K, used 16516K [0x00000000a0000000, 0x00000000a3b80000, 0x00000000e0000000)
  object space 60928K, 27% used [0x00000000a0000000,0x00000000a1021040,0x00000000a3b80000)
 Metaspace       used 38134K, capacity 39286K, committed 39552K, reserved 1083392K
  class space    used 5178K, capacity 5458K, committed 5504K, reserved 1048576K
Event: 954.991 GC heap after
Heap after GC invocations=18 (full 2):
 PSYoungGen      total 34816K, used 2850K [0x00000000e0000000, 0x00000000e2c80000, 0x0000000100000000)
  eden space 26112K, 0% used [0x00000000e0000000,0x00000000e0000000,0x00000000e1980000)
  from space 8704K, 32% used [0x00000000e2400000,0x00000000e26c8908,0x00000000e2c80000)
  to   space 9728K, 0% used [0x00000000e1980000,0x00000000e1980000,0x00000000e2300000)
 ParOldGen       total 60928K, used 18274K [0x00000000a0000000, 0x00000000a3b80000, 0x00000000e0000000)
  object space 60928K, 29% used [0x00000000a0000000,0x00000000a11d88e0,0x00000000a3b80000)
 Metaspace       used 38134K, capacity 39286K, committed 39552K, reserved 1083392K
  class space    used 5178K, capacity 5458K, committed 5504K, reserved 1048576K
}

