# JRE version: OpenJDK Runtime Environment (8.0_212-b04) (build 1.8.0_212-release-1586-b04)
# Java VM: OpenJDK 64-Bit Server VM (25.212-b04 mixed mode windows-amd64 compressed oops)
Heap:
 PSYoungGen      total 409088K, used 105348K [0x00000000e0000000, 0x00000000fe000000, 0x0000000100000000)
  eden space 395264K, 23% used [0x00000000e0000000,0x00000000e59667e8,0x00000000f8200000)
  from space 13824K, 99% used [0x00000000fd280000,0x00000000fdffa9c0,0x00000000fe000000)
  to   space 48128K, 0% used [0x00000000f8200000,0x00000000f8200000,0x00000000fb100000)
 ParOldGen       total 123904K, used 77535K [0x00000000a0000000, 0x00000000a7900000, 0x00000000e0000000)
  object space 123904K, 62% used [0x00000000a0000000,0x00000000a4bb7f00,0x00000000a7900000)
 Metaspace       used 84249K, capacity 87724K, committed 87808K, reserved 1126400K
  class space    used 10775K, capacity 11517K, committed 11520K, reserved 1048576K
GC Heap History (10 events):
Event: 133.108 GC heap before
{Heap before GC invocations=13 (full 3):
 PSYoungGen      total 399872K, used 377344K [0x00000000e0000000, 0x00000000fff80000, 0x0000000100000000)
  eden space 377344K, 100% used [0x00000000e0000000,0x00000000f7080000,0x00000000f7080000)
  from space 22528K, 0% used [0x00000000f7080000,0x00000000f7080000,0x00000000f8680000)
  to   space 24576K, 0% used [0x00000000fe780000,0x00000000fe780000,0x00000000fff80000)
 ParOldGen       total 123904K, used 32344K [0x00000000a0000000, 0x00000000a7900000, 0x00000000e0000000)
  object space 123904K, 26% used [0x00000000a0000000,0x00000000a1f96268,0x00000000a7900000)
 Metaspace       used 70644K, capacity 73064K, committed 73344K, reserved 1112064K
  class space    used 9522K, capacity 10074K, committed 10112K, reserved 1048576K
Event: 133.169 GC heap after
Heap after GC invocations=13 (full 3):
 PSYoungGen      total 493568K, used 23504K [0x00000000e0000000, 0x0000000100000000, 0x0000000100000000)
  eden space 468992K, 0% used [0x00000000e0000000,0x00000000e0000000,0x00000000fca00000)
  from space 24576K, 95% used [0x00000000fe780000,0x00000000ffe740c8,0x00000000fff80000)
  to   space 27648K, 0% used [0x00000000fca00000,0x00000000fca00000,0x00000000fe500000)
 ParOldGen       total 123904K, used 32352K [0x00000000a0000000, 0x00000000a7900000, 0x00000000e0000000)
  object space 123904K, 26% used [0x00000000a0000000,0x00000000a1f98268,0x00000000a7900000)
 Metaspace       used 70644K, capacity 73064K, committed 73344K, reserved 1112064K
  class space    used 9522K, capacity 10074K, committed 10112K, reserved 1048576K
}
Event: 1080.151 GC heap before
{Heap before GC invocations=14 (full 3):
 PSYoungGen      total 493568K, used 492496K [0x00000000e0000000, 0x0000000100000000, 0x0000000100000000)
  eden space 468992K, 100% used [0x00000000e0000000,0x00000000fca00000,0x00000000fca00000)
  from space 24576K, 95% used [0x00000000fe780000,0x00000000ffe740c8,0x00000000fff80000)
  to   space 27648K, 0% used [0x00000000fca00000,0x00000000fca00000,0x00000000fe500000)
 ParOldGen       total 123904K, used 32352K [0x00000000a0000000, 0x00000000a7900000, 0x00000000e0000000)
  object space 123904K, 26% used [0x00000000a0000000,0x00000000a1f98268,0x00000000a7900000)
 Metaspace       used 75934K, capacity 78750K, committed 78848K, reserved 1118208K
  class space    used 10103K, capacity 10737K, committed 10752K, reserved 1048576K
Event: 1080.186 GC heap after
Heap after GC invocations=14 (full 3):
 PSYoungGen      total 471040K, used 21701K [0x00000000e0000000, 0x00000000ff080000, 0x0000000100000000)
  eden space 449024K, 0% used [0x00000000e0000000,0x00000000e0000000,0x00000000fb680000)
  from space 22016K, 98% used [0x00000000fca00000,0x00000000fdf31528,0x00000000fdf80000)
  to   space 17408K, 0% used [0x00000000fdf80000,0x00000000fdf80000,0x00000000ff080000)
 ParOldGen       total 123904K, used 32360K [0x00000000a0000000, 0x00000000a7900000, 0x00000000e0000000)
  object space 123904K, 26% used [0x00000000a0000000,0x00000000a1f9a268,0x00000000a7900000)
 Metaspace       used 75934K, capacity 78750K, committed 78848K, reserved 1118208K
  class space    used 10103K, capacity 10737K, committed 10752K, reserved 1048576K
}
Event: 1090.067 GC heap before
{Heap before GC invocations=15 (full 3):
 PSYoungGen      total 471040K, used 470725K [0x00000000e0000000, 0x00000000ff080000, 0x0000000100000000)
  eden space 449024K, 100% used [0x00000000e0000000,0x00000000fb680000,0x00000000fb680000)
  from space 22016K, 98% used [0x00000000fca00000,0x00000000fdf31528,0x00000000fdf80000)
  to   space 17408K, 0% used [0x00000000fdf80000,0x00000000fdf80000,0x00000000ff080000)
 ParOldGen       total 123904K, used 32360K [0x00000000a0000000, 0x00000000a7900000, 0x00000000e0000000)
  object space 123904K, 26% used [0x00000000a0000000,0x00000000a1f9a268,0x00000000a7900000)
 Metaspace       used 76568K, capacity 79398K, committed 79616K, reserved 1118208K
  class space    used 10119K, capacity 10747K, committed 10752K, reserved 1048576K
Event: 1090.089 GC heap after
Heap after GC invocations=15 (full 3):
 PSYoungGen      total 447488K, used 17397K [0x00000000e0000000, 0x00000000ff080000, 0x0000000100000000)
  eden space 430080K, 0% used [0x00000000e0000000,0x00000000e0000000,0x00000000fa400000)
  from space 17408K, 99% used [0x00000000fdf80000,0x00000000ff07d5e0,0x00000000ff080000)
  to   space 30720K, 0% used [0x00000000fb480000,0x00000000fb480000,0x00000000fd280000)
 ParOldGen       total 123904K, used 35884K [0x00000000a0000000, 0x00000000a7900000, 0x00000000e0000000)
  object space 123904K, 28% used [0x00000000a0000000,0x00000000a230b308,0x00000000a7900000)
 Metaspace       used 76568K, capacity 79398K, committed 79616K, reserved 1118208K
  class space    used 10119K, capacity 10747K, committed 10752K, reserved 1048576K
}
Event: 1107.326 GC heap before
{Heap before GC invocations=16 (full 3):
 PSYoungGen      total 447488K, used 447477K [0x00000000e0000000, 0x00000000ff080000, 0x0000000100000000)
  eden space 430080K, 100% used [0x00000000e0000000,0x00000000fa400000,0x00000000fa400000)
  from space 17408K, 99% used [0x00000000fdf80000,0x00000000ff07d5e0,0x00000000ff080000)
  to   space 30720K, 0% used [0x00000000fb480000,0x00000000fb480000,0x00000000fd280000)
 ParOldGen       total 123904K, used 35884K [0x00000000a0000000, 0x00000000a7900000, 0x00000000e0000000)
  object space 123904K, 28% used [0x00000000a0000000,0x00000000a230b308,0x00000000a7900000)
 Metaspace       used 77899K, capacity 80776K, committed 81024K, reserved 1120256K
  class space    used 10208K, capacity 10838K, committed 10880K, reserved 1048576K
Event: 1107.364 GC heap after
Heap after GC invocations=16 (full 3):
 PSYoungGen      total 442880K, used 30705K [0x00000000e0000000, 0x00000000fe000000, 0x0000000100000000)
  eden space 412160K, 0% used [0x00000000e0000000,0x00000000e0000000,0x00000000f9280000)
  from space 30720K, 99% used [0x00000000fb480000,0x00000000fd27c778,0x00000000fd280000)
  to   space 13824K, 0% used [0x00000000fd280000,0x00000000fd280000,0x00000000fe000000)
 ParOldGen       total 123904K, used 37141K [0x00000000a0000000, 0x00000000a7900000, 0x00000000e0000000)
  object space 123904K, 29% used [0x00000000a0000000,0x00000000a2445400,0x00000000a7900000)
 Metaspace       used 77899K, capacity 80776K, committed 81024K, reserved 1120256K
  class space    used 10208K, capacity 10838K, committed 10880K, reserved 1048576K
}
Event: 2443.427 GC heap before
{Heap before GC invocations=17 (full 3):
 PSYoungGen      total 442880K, used 442865K [0x00000000e0000000, 0x00000000fe000000, 0x0000000100000000)
  eden space 412160K, 100% used [0x00000000e0000000,0x00000000f9280000,0x00000000f9280000)
  from space 30720K, 99% used [0x00000000fb480000,0x00000000fd27c778,0x00000000fd280000)
  to   space 13824K, 0% used [0x00000000fd280000,0x00000000fd280000,0x00000000fe000000)
 ParOldGen       total 123904K, used 37141K [0x00000000a0000000, 0x00000000a7900000, 0x00000000e0000000)
  object space 123904K, 29% used [0x00000000a0000000,0x00000000a24454a0,0x00000000a7900000)
 Metaspace       used 84239K, capacity 87724K, committed 87808K, reserved 1126400K
  class space    used 10775K, capacity 11517K, committed 11520K, reserved 1048576K
Event: 2443.475 GC heap after
Heap after GC invocations=17 (full 3):
 PSYoungGen      total 409088K, used 13802K [0x00000000e0000000, 0x00000000fe000000, 0x0000000100000000)
  eden space 395264K, 0% used [0x00000000e0000000,0x00000000e0000000,0x00000000f8200000)
  from space 13824K, 99% used [0x00000000fd280000,0x00000000fdffa9c0,0x00000000fe000000)
  to   space 48128K, 0% used [0x00000000f8200000,0x00000000f8200000,0x00000000fb100000)
 ParOldGen       total 123904K, used 77535K [0x00000000a0000000, 0x00000000a7900000, 0x00000000e0000000)
  object space 123904K, 62% used [0x00000000a0000000,0x00000000a4bb7f00,0x00000000a7900000)
 Metaspace       used 84239K, capacity 87724K, committed 87808K, reserved 1126400K
  class space    used 10775K, capacity 11517K, committed 11520K, reserved 1048576K
}

