# JRE version: OpenJDK Runtime Environment (8.0_212-b04) (build 1.8.0_212-release-1586-b04)
# Java VM: OpenJDK 64-Bit Server VM (25.212-b04 mixed mode windows-amd64 compressed oops)
Heap:
 PSYoungGen      total 249344K, used 21145K [0x00000000e0000000, 0x00000000f0600000, 0x0000000100000000)
  eden space 237568K, 8% used [0x00000000e0000000,0x00000000e14a6528,0x00000000ee800000)
  from space 11776K, 0% used [0x00000000efa80000,0x00000000efa80000,0x00000000f0600000)
  to   space 15360K, 0% used [0x00000000ee800000,0x00000000ee800000,0x00000000ef700000)
 ParOldGen       total 68096K, used 17650K [0x00000000a0000000, 0x00000000a4280000, 0x00000000e0000000)
  object space 68096K, 25% used [0x00000000a0000000,0x00000000a113cbb0,0x00000000a4280000)
 Metaspace       used 35935K, capacity 36816K, committed 36992K, reserved 1081344K
  class space    used 4928K, capacity 5159K, committed 5248K, reserved 1048576K
GC Heap History (10 events):
Event: 3.201 GC heap before
{Heap before GC invocations=6 (full 0):
 PSYoungGen      total 70656K, used 6251K [0x00000000e0000000, 0x00000000e9a00000, 0x0000000100000000)
  eden space 65536K, 1% used [0x00000000e0000000,0x00000000e011e040,0x00000000e4000000)
  from space 5120K, 99% used [0x00000000e4000000,0x00000000e44fcc70,0x00000000e4500000)
  to   space 13312K, 0% used [0x00000000e8d00000,0x00000000e8d00000,0x00000000e9a00000)
 ParOldGen       total 86016K, used 10808K [0x00000000a0000000, 0x00000000a5400000, 0x00000000e0000000)
  object space 86016K, 12% used [0x00000000a0000000,0x00000000a0a8e2b0,0x00000000a5400000)
 Metaspace       used 20710K, capacity 21080K, committed 21296K, reserved 1067008K
  class space    used 2953K, capacity 3102K, committed 3200K, reserved 1048576K
Event: 3.209 GC heap after
Heap after GC invocations=6 (full 0):
 PSYoungGen      total 142336K, used 5212K [0x00000000e0000000, 0x00000000e9800000, 0x0000000100000000)
  eden space 131072K, 0% used [0x00000000e0000000,0x00000000e0000000,0x00000000e8000000)
  from space 11264K, 46% used [0x00000000e8d00000,0x00000000e92170d8,0x00000000e9800000)
  to   space 12288K, 0% used [0x00000000e8000000,0x00000000e8000000,0x00000000e8c00000)
 ParOldGen       total 86016K, used 10808K [0x00000000a0000000, 0x00000000a5400000, 0x00000000e0000000)
  object space 86016K, 12% used [0x00000000a0000000,0x00000000a0a8e2b0,0x00000000a5400000)
 Metaspace       used 20710K, capacity 21080K, committed 21296K, reserved 1067008K
  class space    used 2953K, capacity 3102K, committed 3200K, reserved 1048576K
}
Event: 3.209 GC heap before
{Heap before GC invocations=7 (full 1):
 PSYoungGen      total 142336K, used 5212K [0x00000000e0000000, 0x00000000e9800000, 0x0000000100000000)
  eden space 131072K, 0% used [0x00000000e0000000,0x00000000e0000000,0x00000000e8000000)
  from space 11264K, 46% used [0x00000000e8d00000,0x00000000e92170d8,0x00000000e9800000)
  to   space 12288K, 0% used [0x00000000e8000000,0x00000000e8000000,0x00000000e8c00000)
 ParOldGen       total 86016K, used 10808K [0x00000000a0000000, 0x00000000a5400000, 0x00000000e0000000)
  object space 86016K, 12% used [0x00000000a0000000,0x00000000a0a8e2b0,0x00000000a5400000)
 Metaspace       used 20710K, capacity 21080K, committed 21296K, reserved 1067008K
  class space    used 2953K, capacity 3102K, committed 3200K, reserved 1048576K
Event: 3.256 GC heap after
Heap after GC invocations=7 (full 1):
 PSYoungGen      total 142336K, used 0K [0x00000000e0000000, 0x00000000e9800000, 0x0000000100000000)
  eden space 131072K, 0% used [0x00000000e0000000,0x00000000e0000000,0x00000000e8000000)
  from space 11264K, 0% used [0x00000000e8d00000,0x00000000e8d00000,0x00000000e9800000)
  to   space 12288K, 0% used [0x00000000e8000000,0x00000000e8000000,0x00000000e8c00000)
 ParOldGen       total 50688K, used 7437K [0x00000000a0000000, 0x00000000a3180000, 0x00000000e0000000)
  object space 50688K, 14% used [0x00000000a0000000,0x00000000a0743708,0x00000000a3180000)
 Metaspace       used 20710K, capacity 21080K, committed 21296K, reserved 1067008K
  class space    used 2953K, capacity 3102K, committed 3200K, reserved 1048576K
}
Event: 5.363 GC heap before
{Heap before GC invocations=8 (full 1):
 PSYoungGen      total 142336K, used 131072K [0x00000000e0000000, 0x00000000e9800000, 0x0000000100000000)
  eden space 131072K, 100% used [0x00000000e0000000,0x00000000e8000000,0x00000000e8000000)
  from space 11264K, 0% used [0x00000000e8d00000,0x00000000e8d00000,0x00000000e9800000)
  to   space 12288K, 0% used [0x00000000e8000000,0x00000000e8000000,0x00000000e8c00000)
 ParOldGen       total 50688K, used 7437K [0x00000000a0000000, 0x00000000a3180000, 0x00000000e0000000)
  object space 50688K, 14% used [0x00000000a0000000,0x00000000a0743708,0x00000000a3180000)
 Metaspace       used 31679K, capacity 32114K, committed 32384K, reserved 1077248K
  class space    used 4340K, capacity 4468K, committed 4480K, reserved 1048576K
Event: 5.382 GC heap after
Heap after GC invocations=8 (full 1):
 PSYoungGen      total 143360K, used 12261K [0x00000000e0000000, 0x00000000f0880000, 0x0000000100000000)
  eden space 131072K, 0% used [0x00000000e0000000,0x00000000e0000000,0x00000000e8000000)
  from space 12288K, 99% used [0x00000000e8000000,0x00000000e8bf9558,0x00000000e8c00000)
  to   space 14336K, 0% used [0x00000000efa80000,0x00000000efa80000,0x00000000f0880000)
 ParOldGen       total 50688K, used 7469K [0x00000000a0000000, 0x00000000a3180000, 0x00000000e0000000)
  object space 50688K, 14% used [0x00000000a0000000,0x00000000a074b708,0x00000000a3180000)
 Metaspace       used 31679K, capacity 32114K, committed 32384K, reserved 1077248K
  class space    used 4340K, capacity 4468K, committed 4480K, reserved 1048576K
}
Event: 7.412 GC heap before
{Heap before GC invocations=9 (full 1):
 PSYoungGen      total 143360K, used 77530K [0x00000000e0000000, 0x00000000f0880000, 0x0000000100000000)
  eden space 131072K, 49% used [0x00000000e0000000,0x00000000e3fbd508,0x00000000e8000000)
  from space 12288K, 99% used [0x00000000e8000000,0x00000000e8bf9558,0x00000000e8c00000)
  to   space 14336K, 0% used [0x00000000efa80000,0x00000000efa80000,0x00000000f0880000)
 ParOldGen       total 50688K, used 7469K [0x00000000a0000000, 0x00000000a3180000, 0x00000000e0000000)
  object space 50688K, 14% used [0x00000000a0000000,0x00000000a074b708,0x00000000a3180000)
 Metaspace       used 34648K, capacity 35400K, committed 35456K, reserved 1079296K
  class space    used 4762K, capacity 4945K, committed 4992K, reserved 1048576K
Event: 7.427 GC heap after
Heap after GC invocations=9 (full 1):
 PSYoungGen      total 249344K, used 10827K [0x00000000e0000000, 0x00000000f0600000, 0x0000000100000000)
  eden space 237568K, 0% used [0x00000000e0000000,0x00000000e0000000,0x00000000ee800000)
  from space 11776K, 91% used [0x00000000efa80000,0x00000000f0512d28,0x00000000f0600000)
  to   space 15360K, 0% used [0x00000000ee800000,0x00000000ee800000,0x00000000ef700000)
 ParOldGen       total 50688K, used 7477K [0x00000000a0000000, 0x00000000a3180000, 0x00000000e0000000)
  object space 50688K, 14% used [0x00000000a0000000,0x00000000a074d708,0x00000000a3180000)
 Metaspace       used 34648K, capacity 35400K, committed 35456K, reserved 1079296K
  class space    used 4762K, capacity 4945K, committed 4992K, reserved 1048576K
}
Event: 7.427 GC heap before
{Heap before GC invocations=10 (full 2):
 PSYoungGen      total 249344K, used 10827K [0x00000000e0000000, 0x00000000f0600000, 0x0000000100000000)
  eden space 237568K, 0% used [0x00000000e0000000,0x00000000e0000000,0x00000000ee800000)
  from space 11776K, 91% used [0x00000000efa80000,0x00000000f0512d28,0x00000000f0600000)
  to   space 15360K, 0% used [0x00000000ee800000,0x00000000ee800000,0x00000000ef700000)
 ParOldGen       total 50688K, used 7477K [0x00000000a0000000, 0x00000000a3180000, 0x00000000e0000000)
  object space 50688K, 14% used [0x00000000a0000000,0x00000000a074d708,0x00000000a3180000)
 Metaspace       used 34648K, capacity 35400K, committed 35456K, reserved 1079296K
  class space    used 4762K, capacity 4945K, committed 4992K, reserved 1048576K
Event: 7.504 GC heap after
Heap after GC invocations=10 (full 2):
 PSYoungGen      total 249344K, used 0K [0x00000000e0000000, 0x00000000f0600000, 0x0000000100000000)
  eden space 237568K, 0% used [0x00000000e0000000,0x00000000e0000000,0x00000000ee800000)
  from space 11776K, 0% used [0x00000000efa80000,0x00000000efa80000,0x00000000f0600000)
  to   space 15360K, 0% used [0x00000000ee800000,0x00000000ee800000,0x00000000ef700000)
 ParOldGen       total 68096K, used 17650K [0x00000000a0000000, 0x00000000a4280000, 0x00000000e0000000)
  object space 68096K, 25% used [0x00000000a0000000,0x00000000a113cbb0,0x00000000a4280000)
 Metaspace       used 34646K, capacity 35394K, committed 35456K, reserved 1079296K
  class space    used 4761K, capacity 4944K, committed 4992K, reserved 1048576K
}

