# JRE version: OpenJDK Runtime Environment (8.0_212-b04) (build 1.8.0_212-release-1586-b04)
# Java VM: OpenJDK 64-Bit Server VM (25.212-b04 mixed mode windows-amd64 compressed oops)
Heap:
 PSYoungGen      total 183808K, used 79927K [0x00000000e0000000, 0x00000000f0800000, 0x0000000100000000)
  eden space 171008K, 39% used [0x00000000e0000000,0x00000000e41909e8,0x00000000ea700000)
  from space 12800K, 99% used [0x00000000ea700000,0x00000000eb37d370,0x00000000eb380000)
  to   space 17408K, 0% used [0x00000000ef700000,0x00000000ef700000,0x00000000f0800000)
 ParOldGen       total 71168K, used 23478K [0x00000000a0000000, 0x00000000a4580000, 0x00000000e0000000)
  object space 71168K, 32% used [0x00000000a0000000,0x00000000a16ed8b8,0x00000000a4580000)
 Metaspace       used 53977K, capacity 55666K, committed 55808K, reserved 1097728K
  class space    used 7417K, capacity 7827K, committed 7936K, reserved 1048576K
GC Heap History (10 events):
Event: 5.021 GC heap before
{Heap before GC invocations=9 (full 1):
 PSYoungGen      total 75776K, used 64512K [0x00000000e0000000, 0x00000000e9400000, 0x0000000100000000)
  eden space 64512K, 100% used [0x00000000e0000000,0x00000000e3f00000,0x00000000e3f00000)
  from space 11264K, 0% used [0x00000000e3f00000,0x00000000e3f00000,0x00000000e4a00000)
  to   space 11264K, 0% used [0x00000000e8900000,0x00000000e8900000,0x00000000e9400000)
 ParOldGen       total 50176K, used 7541K [0x00000000a0000000, 0x00000000a3100000, 0x00000000e0000000)
  object space 50176K, 15% used [0x00000000a0000000,0x00000000a075d4d0,0x00000000a3100000)
 Metaspace       used 29136K, capacity 29688K, committed 30080K, reserved 1075200K
  class space    used 3926K, capacity 4131K, committed 4224K, reserved 1048576K
Event: 5.034 GC heap after
Heap after GC invocations=9 (full 1):
 PSYoungGen      total 124928K, used 8003K [0x00000000e0000000, 0x00000000e9100000, 0x0000000100000000)
  eden space 116736K, 0% used [0x00000000e0000000,0x00000000e0000000,0x00000000e7200000)
  from space 8192K, 97% used [0x00000000e8900000,0x00000000e90d0ce8,0x00000000e9100000)
  to   space 11264K, 0% used [0x00000000e7b00000,0x00000000e7b00000,0x00000000e8600000)
 ParOldGen       total 50176K, used 7549K [0x00000000a0000000, 0x00000000a3100000, 0x00000000e0000000)
  object space 50176K, 15% used [0x00000000a0000000,0x00000000a075f4d0,0x00000000a3100000)
 Metaspace       used 29136K, capacity 29688K, committed 30080K, reserved 1075200K
  class space    used 3926K, capacity 4131K, committed 4224K, reserved 1048576K
}
Event: 6.803 GC heap before
{Heap before GC invocations=10 (full 1):
 PSYoungGen      total 124928K, used 124739K [0x00000000e0000000, 0x00000000e9100000, 0x0000000100000000)
  eden space 116736K, 100% used [0x00000000e0000000,0x00000000e7200000,0x00000000e7200000)
  from space 8192K, 97% used [0x00000000e8900000,0x00000000e90d0ce8,0x00000000e9100000)
  to   space 11264K, 0% used [0x00000000e7b00000,0x00000000e7b00000,0x00000000e8600000)
 ParOldGen       total 50176K, used 7549K [0x00000000a0000000, 0x00000000a3100000, 0x00000000e0000000)
  object space 50176K, 15% used [0x00000000a0000000,0x00000000a075f4d0,0x00000000a3100000)
 Metaspace       used 34355K, capacity 35106K, committed 35200K, reserved 1079296K
  class space    used 4707K, capacity 4920K, committed 4992K, reserved 1048576K
Event: 6.820 GC heap after
Heap after GC invocations=10 (full 1):
 PSYoungGen      total 137216K, used 11244K [0x00000000e0000000, 0x00000000ec000000, 0x0000000100000000)
  eden space 125952K, 0% used [0x00000000e0000000,0x00000000e0000000,0x00000000e7b00000)
  from space 11264K, 99% used [0x00000000e7b00000,0x00000000e85fb1b8,0x00000000e8600000)
  to   space 12800K, 0% used [0x00000000eb380000,0x00000000eb380000,0x00000000ec000000)
 ParOldGen       total 50176K, used 7860K [0x00000000a0000000, 0x00000000a3100000, 0x00000000e0000000)
  object space 50176K, 15% used [0x00000000a0000000,0x00000000a07ad1c8,0x00000000a3100000)
 Metaspace       used 34355K, capacity 35106K, committed 35200K, reserved 1079296K
  class space    used 4707K, capacity 4920K, committed 4992K, reserved 1048576K
}
Event: 7.097 GC heap before
{Heap before GC invocations=11 (full 1):
 PSYoungGen      total 137216K, used 26577K [0x00000000e0000000, 0x00000000ec000000, 0x0000000100000000)
  eden space 125952K, 12% used [0x00000000e0000000,0x00000000e0ef95f8,0x00000000e7b00000)
  from space 11264K, 99% used [0x00000000e7b00000,0x00000000e85fb1b8,0x00000000e8600000)
  to   space 12800K, 0% used [0x00000000eb380000,0x00000000eb380000,0x00000000ec000000)
 ParOldGen       total 50176K, used 7860K [0x00000000a0000000, 0x00000000a3100000, 0x00000000e0000000)
  object space 50176K, 15% used [0x00000000a0000000,0x00000000a07ad1c8,0x00000000a3100000)
 Metaspace       used 34653K, capacity 35418K, committed 35456K, reserved 1079296K
  class space    used 4749K, capacity 4960K, committed 4992K, reserved 1048576K
Event: 7.111 GC heap after
Heap after GC invocations=11 (full 1):
 PSYoungGen      total 183808K, used 5056K [0x00000000e0000000, 0x00000000ecd80000, 0x0000000100000000)
  eden space 171008K, 0% used [0x00000000e0000000,0x00000000e0000000,0x00000000ea700000)
  from space 12800K, 39% used [0x00000000eb380000,0x00000000eb870000,0x00000000ec000000)
  to   space 12800K, 0% used [0x00000000ea700000,0x00000000ea700000,0x00000000eb380000)
 ParOldGen       total 50176K, used 11296K [0x00000000a0000000, 0x00000000a3100000, 0x00000000e0000000)
  object space 50176K, 22% used [0x00000000a0000000,0x00000000a0b081f8,0x00000000a3100000)
 Metaspace       used 34653K, capacity 35418K, committed 35456K, reserved 1079296K
  class space    used 4749K, capacity 4960K, committed 4992K, reserved 1048576K
}
Event: 7.111 GC heap before
{Heap before GC invocations=12 (full 2):
 PSYoungGen      total 183808K, used 5056K [0x00000000e0000000, 0x00000000ecd80000, 0x0000000100000000)
  eden space 171008K, 0% used [0x00000000e0000000,0x00000000e0000000,0x00000000ea700000)
  from space 12800K, 39% used [0x00000000eb380000,0x00000000eb870000,0x00000000ec000000)
  to   space 12800K, 0% used [0x00000000ea700000,0x00000000ea700000,0x00000000eb380000)
 ParOldGen       total 50176K, used 11296K [0x00000000a0000000, 0x00000000a3100000, 0x00000000e0000000)
  object space 50176K, 22% used [0x00000000a0000000,0x00000000a0b081f8,0x00000000a3100000)
 Metaspace       used 34653K, capacity 35418K, committed 35456K, reserved 1079296K
  class space    used 4749K, capacity 4960K, committed 4992K, reserved 1048576K
Event: 7.201 GC heap after
Heap after GC invocations=12 (full 2):
 PSYoungGen      total 183808K, used 0K [0x00000000e0000000, 0x00000000ecd80000, 0x0000000100000000)
  eden space 171008K, 0% used [0x00000000e0000000,0x00000000e0000000,0x00000000ea700000)
  from space 12800K, 0% used [0x00000000eb380000,0x00000000eb380000,0x00000000ec000000)
  to   space 12800K, 0% used [0x00000000ea700000,0x00000000ea700000,0x00000000eb380000)
 ParOldGen       total 71168K, used 15404K [0x00000000a0000000, 0x00000000a4580000, 0x00000000e0000000)
  object space 71168K, 21% used [0x00000000a0000000,0x00000000a0f0b0f0,0x00000000a4580000)
 Metaspace       used 34648K, capacity 35400K, committed 35456K, reserved 1079296K
  class space    used 4747K, capacity 4957K, committed 4992K, reserved 1048576K
}
Event: 10.751 GC heap before
{Heap before GC invocations=13 (full 2):
 PSYoungGen      total 183808K, used 171008K [0x00000000e0000000, 0x00000000ecd80000, 0x0000000100000000)
  eden space 171008K, 100% used [0x00000000e0000000,0x00000000ea700000,0x00000000ea700000)
  from space 12800K, 0% used [0x00000000eb380000,0x00000000eb380000,0x00000000ec000000)
  to   space 12800K, 0% used [0x00000000ea700000,0x00000000ea700000,0x00000000eb380000)
 ParOldGen       total 71168K, used 15404K [0x00000000a0000000, 0x00000000a4580000, 0x00000000e0000000)
  object space 71168K, 21% used [0x00000000a0000000,0x00000000a0f0b0f0,0x00000000a4580000)
 Metaspace       used 50485K, capacity 51968K, committed 52096K, reserved 1093632K
  class space    used 6846K, capacity 7221K, committed 7296K, reserved 1048576K
Event: 10.776 GC heap after
Heap after GC invocations=13 (full 2):
 PSYoungGen      total 183808K, used 12788K [0x00000000e0000000, 0x00000000f0800000, 0x0000000100000000)
  eden space 171008K, 0% used [0x00000000e0000000,0x00000000e0000000,0x00000000ea700000)
  from space 12800K, 99% used [0x00000000ea700000,0x00000000eb37d370,0x00000000eb380000)
  to   space 17408K, 0% used [0x00000000ef700000,0x00000000ef700000,0x00000000f0800000)
 ParOldGen       total 71168K, used 23478K [0x00000000a0000000, 0x00000000a4580000, 0x00000000e0000000)
  object space 71168K, 32% used [0x00000000a0000000,0x00000000a16ed8b8,0x00000000a4580000)
 Metaspace       used 50485K, capacity 51968K, committed 52096K, reserved 1093632K
  class space    used 6846K, capacity 7221K, committed 7296K, reserved 1048576K
}

