# JRE version: OpenJDK Runtime Environment (8.0_212-b04) (build 1.8.0_212-release-1586-b04)
# Java VM: OpenJDK 64-Bit Server VM (25.212-b04 mixed mode windows-amd64 compressed oops)
Heap:
 PSYoungGen      total 77824K, used 51775K [0x00000000e0000000, 0x00000000e9400000, 0x0000000100000000)
  eden space 64512K, 80% used [0x00000000e0000000,0x00000000e328fc00,0x00000000e3f00000)
  from space 13312K, 0% used [0x00000000e4b00000,0x00000000e4b00000,0x00000000e5800000)
  to   space 12288K, 0% used [0x00000000e3f00000,0x00000000e3f00000,0x00000000e4b00000)
 ParOldGen       total 48640K, used 7432K [0x00000000a0000000, 0x00000000a2f80000, 0x00000000e0000000)
  object space 48640K, 15% used [0x00000000a0000000,0x00000000a0742188,0x00000000a2f80000)
 Metaspace       used 27499K, capacity 27950K, committed 28288K, reserved 1073152K
  class space    used 3760K, capacity 3912K, committed 3968K, reserved 1048576K
GC Heap History (10 events):
Event: 2.484 GC heap before
{Heap before GC invocations=3 (full 0):
 PSYoungGen      total 37888K, used 35841K [0x00000000e0000000, 0x00000000e4a00000, 0x0000000100000000)
  eden space 32768K, 100% used [0x00000000e0000000,0x00000000e2000000,0x00000000e2000000)
  from space 5120K, 60% used [0x00000000e2500000,0x00000000e28004f0,0x00000000e2a00000)
  to   space 5120K, 0% used [0x00000000e2000000,0x00000000e2000000,0x00000000e2500000)
 ParOldGen       total 86016K, used 8K [0x00000000a0000000, 0x00000000a5400000, 0x00000000e0000000)
  object space 86016K, 0% used [0x00000000a0000000,0x00000000a0002000,0x00000000a5400000)
 Metaspace       used 12019K, capacity 12310K, committed 12544K, reserved 1060864K
  class space    used 1593K, capacity 1709K, committed 1792K, reserved 1048576K
Event: 2.495 GC heap after
Heap after GC invocations=3 (full 0):
 PSYoungGen      total 37888K, used 5108K [0x00000000e0000000, 0x00000000e4a00000, 0x0000000100000000)
  eden space 32768K, 0% used [0x00000000e0000000,0x00000000e0000000,0x00000000e2000000)
  from space 5120K, 99% used [0x00000000e2000000,0x00000000e24fd0b0,0x00000000e2500000)
  to   space 5120K, 0% used [0x00000000e4500000,0x00000000e4500000,0x00000000e4a00000)
 ParOldGen       total 86016K, used 957K [0x00000000a0000000, 0x00000000a5400000, 0x00000000e0000000)
  object space 86016K, 1% used [0x00000000a0000000,0x00000000a00ef548,0x00000000a5400000)
 Metaspace       used 12019K, capacity 12310K, committed 12544K, reserved 1060864K
  class space    used 1593K, capacity 1709K, committed 1792K, reserved 1048576K
}
Event: 4.100 GC heap before
{Heap before GC invocations=4 (full 0):
 PSYoungGen      total 37888K, used 37876K [0x00000000e0000000, 0x00000000e4a00000, 0x0000000100000000)
  eden space 32768K, 100% used [0x00000000e0000000,0x00000000e2000000,0x00000000e2000000)
  from space 5120K, 99% used [0x00000000e2000000,0x00000000e24fd0b0,0x00000000e2500000)
  to   space 5120K, 0% used [0x00000000e4500000,0x00000000e4500000,0x00000000e4a00000)
 ParOldGen       total 86016K, used 957K [0x00000000a0000000, 0x00000000a5400000, 0x00000000e0000000)
  object space 86016K, 1% used [0x00000000a0000000,0x00000000a00ef548,0x00000000a5400000)
 Metaspace       used 14503K, capacity 14870K, committed 15232K, reserved 1062912K
  class space    used 2012K, capacity 2117K, committed 2176K, reserved 1048576K
Event: 4.112 GC heap after
Heap after GC invocations=4 (full 0):
 PSYoungGen      total 70656K, used 5117K [0x00000000e0000000, 0x00000000e4a00000, 0x0000000100000000)
  eden space 65536K, 0% used [0x00000000e0000000,0x00000000e0000000,0x00000000e4000000)
  from space 5120K, 99% used [0x00000000e4500000,0x00000000e49ff410,0x00000000e4a00000)
  to   space 5120K, 0% used [0x00000000e4000000,0x00000000e4000000,0x00000000e4500000)
 ParOldGen       total 86016K, used 3411K [0x00000000a0000000, 0x00000000a5400000, 0x00000000e0000000)
  object space 86016K, 3% used [0x00000000a0000000,0x00000000a0354f98,0x00000000a5400000)
 Metaspace       used 14503K, capacity 14870K, committed 15232K, reserved 1062912K
  class space    used 2012K, capacity 2117K, committed 2176K, reserved 1048576K
}
Event: 6.313 GC heap before
{Heap before GC invocations=5 (full 0):
 PSYoungGen      total 70656K, used 70653K [0x00000000e0000000, 0x00000000e4a00000, 0x0000000100000000)
  eden space 65536K, 100% used [0x00000000e0000000,0x00000000e4000000,0x00000000e4000000)
  from space 5120K, 99% used [0x00000000e4500000,0x00000000e49ff410,0x00000000e4a00000)
  to   space 5120K, 0% used [0x00000000e4000000,0x00000000e4000000,0x00000000e4500000)
 ParOldGen       total 86016K, used 3411K [0x00000000a0000000, 0x00000000a5400000, 0x00000000e0000000)
  object space 86016K, 3% used [0x00000000a0000000,0x00000000a0354f98,0x00000000a5400000)
 Metaspace       used 20436K, capacity 20824K, committed 21120K, reserved 1067008K
  class space    used 2952K, capacity 3102K, committed 3200K, reserved 1048576K
Event: 6.326 GC heap after
Heap after GC invocations=5 (full 0):
 PSYoungGen      total 68608K, used 5119K [0x00000000e0000000, 0x00000000e5800000, 0x0000000100000000)
  eden space 63488K, 0% used [0x00000000e0000000,0x00000000e0000000,0x00000000e3e00000)
  from space 5120K, 99% used [0x00000000e4000000,0x00000000e44ffc40,0x00000000e4500000)
  to   space 13312K, 0% used [0x00000000e4b00000,0x00000000e4b00000,0x00000000e5800000)
 ParOldGen       total 86016K, used 10721K [0x00000000a0000000, 0x00000000a5400000, 0x00000000e0000000)
  object space 86016K, 12% used [0x00000000a0000000,0x00000000a0a78660,0x00000000a5400000)
 Metaspace       used 20436K, capacity 20824K, committed 21120K, reserved 1067008K
  class space    used 2952K, capacity 3102K, committed 3200K, reserved 1048576K
}
Event: 6.335 GC heap before
{Heap before GC invocations=6 (full 0):
 PSYoungGen      total 68608K, used 6107K [0x00000000e0000000, 0x00000000e5800000, 0x0000000100000000)
  eden space 63488K, 1% used [0x00000000e0000000,0x00000000e00f70c0,0x00000000e3e00000)
  from space 5120K, 99% used [0x00000000e4000000,0x00000000e44ffc40,0x00000000e4500000)
  to   space 13312K, 0% used [0x00000000e4b00000,0x00000000e4b00000,0x00000000e5800000)
 ParOldGen       total 86016K, used 10721K [0x00000000a0000000, 0x00000000a5400000, 0x00000000e0000000)
  object space 86016K, 12% used [0x00000000a0000000,0x00000000a0a78660,0x00000000a5400000)
 Metaspace       used 20713K, capacity 21080K, committed 21296K, reserved 1067008K
  class space    used 2952K, capacity 3102K, committed 3200K, reserved 1048576K
Event: 6.342 GC heap after
Heap after GC invocations=6 (full 0):
 PSYoungGen      total 77824K, used 5356K [0x00000000e0000000, 0x00000000e9400000, 0x0000000100000000)
  eden space 64512K, 0% used [0x00000000e0000000,0x00000000e0000000,0x00000000e3f00000)
  from space 13312K, 40% used [0x00000000e4b00000,0x00000000e503b0e8,0x00000000e5800000)
  to   space 12288K, 0% used [0x00000000e3f00000,0x00000000e3f00000,0x00000000e4b00000)
 ParOldGen       total 86016K, used 10729K [0x00000000a0000000, 0x00000000a5400000, 0x00000000e0000000)
  object space 86016K, 12% used [0x00000000a0000000,0x00000000a0a7a660,0x00000000a5400000)
 Metaspace       used 20713K, capacity 21080K, committed 21296K, reserved 1067008K
  class space    used 2952K, capacity 3102K, committed 3200K, reserved 1048576K
}
Event: 6.342 GC heap before
{Heap before GC invocations=7 (full 1):
 PSYoungGen      total 77824K, used 5356K [0x00000000e0000000, 0x00000000e9400000, 0x0000000100000000)
  eden space 64512K, 0% used [0x00000000e0000000,0x00000000e0000000,0x00000000e3f00000)
  from space 13312K, 40% used [0x00000000e4b00000,0x00000000e503b0e8,0x00000000e5800000)
  to   space 12288K, 0% used [0x00000000e3f00000,0x00000000e3f00000,0x00000000e4b00000)
 ParOldGen       total 86016K, used 10729K [0x00000000a0000000, 0x00000000a5400000, 0x00000000e0000000)
  object space 86016K, 12% used [0x00000000a0000000,0x00000000a0a7a660,0x00000000a5400000)
 Metaspace       used 20713K, capacity 21080K, committed 21296K, reserved 1067008K
  class space    used 2952K, capacity 3102K, committed 3200K, reserved 1048576K
Event: 6.384 GC heap after
Heap after GC invocations=7 (full 1):
 PSYoungGen      total 77824K, used 0K [0x00000000e0000000, 0x00000000e9400000, 0x0000000100000000)
  eden space 64512K, 0% used [0x00000000e0000000,0x00000000e0000000,0x00000000e3f00000)
  from space 13312K, 0% used [0x00000000e4b00000,0x00000000e4b00000,0x00000000e5800000)
  to   space 12288K, 0% used [0x00000000e3f00000,0x00000000e3f00000,0x00000000e4b00000)
 ParOldGen       total 48640K, used 7432K [0x00000000a0000000, 0x00000000a2f80000, 0x00000000e0000000)
  object space 48640K, 15% used [0x00000000a0000000,0x00000000a0742188,0x00000000a2f80000)
 Metaspace       used 20713K, capacity 21080K, committed 21296K, reserved 1067008K
  class space    used 2952K, capacity 3102K, committed 3200K, reserved 1048576K
}

